Using pre-set license
Built from '2020.3/staging' branch; Version is '2020.3.26f1 (7298b473bc1a) revision 7510196'; Using compiler version '192528614'; Build Type 'Release'
OS: 'Windows 10  (10.0.19044) 64bit Core' Language: 'en' Physical Memory: 8059 MB
BatchMode: 1, IsHumanControllingUs: 0, StartBugReporterOnCrash: 0, Is64bit: 1, IsPro: 0

COMMAND LINE ARGUMENTS:
C:\Program Files\Unity\Hub\Editor\2020.3.26f1\Editor\Unity.exe
-adb2
-batchMode
-noUpm
-name
AssetImportWorker2
-projectPath
C:/Users/joemc/Documents/GitHub/Year3GameProject/Time Project V2
-logFile
Logs/AssetImportWorker2.log
-srvPort
63614
Successfully changed project path to: C:/Users/joemc/Documents/GitHub/Year3GameProject/Time Project V2
C:/Users/joemc/Documents/GitHub/Year3GameProject/Time Project V2
Using Asset Import Pipeline V2.
Refreshing native plugins compatible for Editor in 142.40 ms, found 2 plugins.
Preloading 0 native plugins for Editor in 0.00 ms.
Initialize engine version: 2020.3.26f1 (7298b473bc1a)
[Subsystems] Discovering subsystems at path C:/Program Files/Unity/Hub/Editor/2020.3.26f1/Editor/Data/Resources/UnitySubsystems
[Subsystems] Discovering subsystems at path C:/Users/joemc/Documents/GitHub/Year3GameProject/Time Project V2/Assets
GfxDevice: creating device client; threaded=0
Direct3D:
    Version:  Direct3D 11.0 [level 11.1]
    Renderer: NVIDIA GeForce GTX 1650 (ID=0x1f99)
    Vendor:   
    VRAM:     3950 MB
    Driver:   31.0.15.2686
Shader 'WFX/Transparent Specular': fallback shader 'Particles/Alpha Blended' not found
Shader 'WFX/Transparent Diffuse': fallback shader 'Particles/Alpha Blended' not found
Initialize mono
Mono path[0] = 'C:/Program Files/Unity/Hub/Editor/2020.3.26f1/Editor/Data/Managed'
Mono path[1] = 'C:/Program Files/Unity/Hub/Editor/2020.3.26f1/Editor/Data/MonoBleedingEdge/lib/mono/unityjit'
Mono config path = 'C:/Program Files/Unity/Hub/Editor/2020.3.26f1/Editor/Data/MonoBleedingEdge/etc'
Using monoOptions --debugger-agent=transport=dt_socket,embedding=1,server=y,suspend=n,address=127.0.0.1:56932
Begin MonoManager ReloadAssembly
Registering precompiled unity dll's ...
Register platform support module: C:/Program Files/Unity/Hub/Editor/2020.3.26f1/Editor/Data/PlaybackEngines/WebGLSupport/UnityEditor.WebGL.Extensions.dll
Register platform support module: C:/Program Files/Unity/Hub/Editor/2020.3.26f1/Editor/Data/PlaybackEngines/WindowsStandaloneSupport/UnityEditor.WindowsStandalone.Extensions.dll
Registered in 0.002348 seconds.
Native extension for WindowsStandalone target not found
Native extension for WebGL target not found
Refreshing native plugins compatible for Editor in 131.38 ms, found 2 plugins.
Preloading 0 native plugins for Editor in 0.00 ms.
Mono: successfully reloaded assembly
- Completed reload, in  1.225 seconds
Domain Reload Profiling:
	ReloadAssembly (1226ms)
		BeginReloadAssembly (105ms)
			ExecutionOrderSort (0ms)
			DisableScriptedObjects (0ms)
			BackupInstance (0ms)
			ReleaseScriptingObjects (0ms)
			CreateAndSetChildDomain (1ms)
		EndReloadAssembly (978ms)
			LoadAssemblies (107ms)
			RebuildTransferFunctionScriptingTraits (0ms)
			SetupTypeCache (306ms)
			ReleaseScriptCaches (0ms)
			RebuildScriptCaches (61ms)
			SetupLoadedEditorAssemblies (408ms)
				LogAssemblyErrors (0ms)
				InitializePlatformSupportModulesInManaged (5ms)
				SetLoadedEditorAssemblies (0ms)
				RefreshPlugins (131ms)
				BeforeProcessingInitializeOnLoad (54ms)
				ProcessInitializeOnLoadAttributes (169ms)
				ProcessInitializeOnLoadMethodAttributes (46ms)
				AfterProcessingInitializeOnLoad (0ms)
				EditorAssembliesLoaded (2ms)
			ExecutionOrderSort2 (0ms)
			AwakeInstancesAfterBackupRestoration (0ms)
Platform modules already initialized, skipping
Registering precompiled user dll's ...
Registered in 0.007123 seconds.
Begin MonoManager ReloadAssembly
Native extension for WindowsStandalone target not found
Native extension for WebGL target not found
Refreshing native plugins compatible for Editor in 156.73 ms, found 2 plugins.
Preloading 0 native plugins for Editor in 0.00 ms.
Mono: successfully reloaded assembly
- Completed reload, in  3.188 seconds
Domain Reload Profiling:
	ReloadAssembly (3202ms)
		BeginReloadAssembly (282ms)
			ExecutionOrderSort (0ms)
			DisableScriptedObjects (12ms)
			BackupInstance (0ms)
			ReleaseScriptingObjects (0ms)
			CreateAndSetChildDomain (39ms)
		EndReloadAssembly (2786ms)
			LoadAssemblies (217ms)
			RebuildTransferFunctionScriptingTraits (0ms)
			SetupTypeCache (702ms)
			ReleaseScriptCaches (1ms)
			RebuildScriptCaches (122ms)
			SetupLoadedEditorAssemblies (1482ms)
				LogAssemblyErrors (0ms)
				InitializePlatformSupportModulesInManaged (10ms)
				SetLoadedEditorAssemblies (0ms)
				RefreshPlugins (157ms)
				BeforeProcessingInitializeOnLoad (209ms)
				ProcessInitializeOnLoadAttributes (1072ms)
				ProcessInitializeOnLoadMethodAttributes (28ms)
				AfterProcessingInitializeOnLoad (6ms)
				EditorAssembliesLoaded (0ms)
			ExecutionOrderSort2 (0ms)
			AwakeInstancesAfterBackupRestoration (19ms)
Platform modules already initialized, skipping
========================================================================
Worker process is ready to serve import requests
Shader 'WFX/Transparent Diffuse': fallback shader 'Particles/Alpha Blended' not found
Shader 'WFX/Transparent Specular': fallback shader 'Particles/Alpha Blended' not found
Launched and connected shader compiler UnityShaderCompiler.exe after 0.32 seconds
Refreshing native plugins compatible for Editor in 0.67 ms, found 2 plugins.
Preloading 0 native plugins for Editor in 0.00 ms.
Unloading 3276 Unused Serialized files (Serialized files now loaded: 0)
System memory in use before: 235.2 MB.
System memory in use after: 235.4 MB.

Unloading 20 unused Assets to reduce memory usage. Loaded Objects now: 3734.
Total: 10.394200 ms (FindLiveObjects: 0.308900 ms CreateObjectMapping: 0.199500 ms MarkObjects: 9.385400 ms  DeleteObjects: 0.493200 ms)

AssetImportParameters requested are different than current active one (requested -> active):
  custom:framework-win-MediaFoundation: 216162199b28c13a410421893ffa2e32 -> 
  custom:video-decoder-ogg-theora: a1e56fd34408186e4bbccfd4996cb3dc -> 
  custom:container-muxer-webm: aa71ff27fc2769a1b78a27578f13a17b -> 
  custom:container-demuxer-webm: 4f35f7cbe854078d1ac9338744f61a02 -> 
  custom:container-demuxer-ogg: 62fdf1f143b41e24485cea50d1cbac27 -> 
  custom:video-encoder-webm-vp8: eb34c28f22e8b96e1ab97ce403110664 -> 
  custom:video-codec-MediaFoundation-h265: 746d11721c4dcdbdad8f713fa42b33f4 -> 
  custom:video-decoder-webm-vp8: 9c59270c3fd7afecdb556c50c9e8de78 -> 
  custom:audio-decoder-ogg-vorbis: bf7c407c2cedff20999df2af8eb42d56 -> 
  custom:audio-encoder-webm-vorbis: bf7c407c2cedff20999df2af8eb42d56 -> 
========================================================================
Received Import Request.
  path: Assets/Main Folder/Stop Time/Prefabs/Model pistol 2/Textures/Unity
  artifactKey: Guid(1214b36b3137321449dad3a6e7b8e9fd) Importer(815301076,1909f56bfc062723c751e8b465ee728b)
Start importing Assets/Main Folder/Stop Time/Prefabs/Model pistol 2/Textures/Unity using Guid(1214b36b3137321449dad3a6e7b8e9fd) Importer(815301076,1909f56bfc062723c751e8b465ee728b)  -> (artifact id: 'f1cbae5d6423a3414294eb32807cd437') in 0.011306 seconds 
  Import took 0.036002 seconds .

========================================================================
Received Import Request.
  Time since last request: 0.000453 seconds.
  path: Assets/Main Folder/Stop Time/Prefabs/Model pistol 2/Textures
  artifactKey: Guid(adbb161a210d04241805c4709a776979) Importer(815301076,1909f56bfc062723c751e8b465ee728b)
Start importing Assets/Main Folder/Stop Time/Prefabs/Model pistol 2/Textures using Guid(adbb161a210d04241805c4709a776979) Importer(815301076,1909f56bfc062723c751e8b465ee728b)  -> (artifact id: 'aac15c3a8bd52d55a4424a9cfa0727ea') in 0.008698 seconds 
  Import took 0.025939 seconds .

========================================================================
Received Import Request.
  Time since last request: 0.000541 seconds.
  path: Assets/Main Folder/Stop Time/Prefabs/Model pistol 2/gun two revolver.fbx
  artifactKey: Guid(f613c34f5aa92424d8a5add46603ff70) Importer(815301076,1909f56bfc062723c751e8b465ee728b)
Start importing Assets/Main Folder/Stop Time/Prefabs/Model pistol 2/gun two revolver.fbx using Guid(f613c34f5aa92424d8a5add46603ff70) Importer(815301076,1909f56bfc062723c751e8b465ee728b)  -> (artifact id: 'b893e75f59ff1ea7bacd081931292c48') in 0.745220 seconds 
  Import took 0.774282 seconds .

========================================================================
Received Import Request.
  Time since last request: 0.001020 seconds.
  path: Assets/Main Folder/Stop Time/Prefabs/Model pistol 2/Textures/spp/Material_Unity HD Render Pipeline (Metallic Standard)
  artifactKey: Guid(ed7e3cdc52a03e04399641463c09cce8) Importer(815301076,1909f56bfc062723c751e8b465ee728b)
Start importing Assets/Main Folder/Stop Time/Prefabs/Model pistol 2/Textures/spp/Material_Unity HD Render Pipeline (Metallic Standard) using Guid(ed7e3cdc52a03e04399641463c09cce8) Importer(815301076,1909f56bfc062723c751e8b465ee728b)  -> (artifact id: '585a862693556908f80f81a9430c0e91') in 0.008472 seconds 
  Import took 0.033754 seconds .

========================================================================
Received Import Request.
  Time since last request: 0.000556 seconds.
  path: Assets/Main Folder/Stop Time/Prefabs/Model pistol 2/Textures/blender
  artifactKey: Guid(9b696f22513c1734caa665dd0af387d6) Importer(815301076,1909f56bfc062723c751e8b465ee728b)
Start importing Assets/Main Folder/Stop Time/Prefabs/Model pistol 2/Textures/blender using Guid(9b696f22513c1734caa665dd0af387d6) Importer(815301076,1909f56bfc062723c751e8b465ee728b)  -> (artifact id: '7332995ee16ec45e6c87f3527dac9895') in 0.018893 seconds 
  Import took 0.037449 seconds .

========================================================================
Received Import Request.
  Time since last request: 0.000520 seconds.
  path: Assets/Main Folder/Stop Time/Prefabs/Model pistol 2/Textures/spp
  artifactKey: Guid(76ad136d7ab27fb4d99d34096aefeaa6) Importer(815301076,1909f56bfc062723c751e8b465ee728b)
Start importing Assets/Main Folder/Stop Time/Prefabs/Model pistol 2/Textures/spp using Guid(76ad136d7ab27fb4d99d34096aefeaa6) Importer(815301076,1909f56bfc062723c751e8b465ee728b)  -> (artifact id: 'fad1d83f503a9a5657d74367b6cd2c0c') in 0.013097 seconds 
  Import took 0.028020 seconds .

========================================================================
Received Import Request.
  Time since last request: 75.782961 seconds.
  path: Assets/Main Folder/Sounds/Guns/Handling/Gun Pin 1.wav
  artifactKey: Guid(76a660bcf6adc3747ae996b1539ed97b) Importer(815301076,1909f56bfc062723c751e8b465ee728b)
Start importing Assets/Main Folder/Sounds/Guns/Handling/Gun Pin 1.wav using Guid(76a660bcf6adc3747ae996b1539ed97b) Importer(815301076,1909f56bfc062723c751e8b465ee728b)  -> (artifact id: '7e39d905c4e7476765a6abbae4257b25') in 0.077665 seconds 
  Import took 0.096519 seconds .

========================================================================
Received Import Request.
  Time since last request: 0.000439 seconds.
  path: Assets/Main Folder/Sounds/Guns/Fire/Shotgun Pump 02.wav
  artifactKey: Guid(1613cc0e7699f7d4b80400e6d112878e) Importer(815301076,1909f56bfc062723c751e8b465ee728b)
Start importing Assets/Main Folder/Sounds/Guns/Fire/Shotgun Pump 02.wav using Guid(1613cc0e7699f7d4b80400e6d112878e) Importer(815301076,1909f56bfc062723c751e8b465ee728b)  -> (artifact id: '743a043109da44de238ca75b877fa0cf') in 0.025410 seconds 
  Import took 0.048376 seconds .

========================================================================
Received Import Request.
  Time since last request: 0.000689 seconds.
  path: Assets/Main Folder/Sounds/Guns/Handling/Gun Slide Double 1.wav
  artifactKey: Guid(7f3e1fb0b7faa5c4b947bd3d85951f9c) Importer(815301076,1909f56bfc062723c751e8b465ee728b)
Start importing Assets/Main Folder/Sounds/Guns/Handling/Gun Slide Double 1.wav using Guid(7f3e1fb0b7faa5c4b947bd3d85951f9c) Importer(815301076,1909f56bfc062723c751e8b465ee728b)  -> (artifact id: 'c167183394ba75cf79131fa5d26e443b') in 0.039597 seconds 
  Import took 0.051529 seconds .

========================================================================
Received Import Request.
  Time since last request: 0.000451 seconds.
  path: Assets/Main Folder/Sounds/Guns/Fire/Shotgun Pump 01.wav
  artifactKey: Guid(3f1ecaeaf37f1a74fb18bd1551052a1b) Importer(815301076,1909f56bfc062723c751e8b465ee728b)
Start importing Assets/Main Folder/Sounds/Guns/Fire/Shotgun Pump 01.wav using Guid(3f1ecaeaf37f1a74fb18bd1551052a1b) Importer(815301076,1909f56bfc062723c751e8b465ee728b)  -> (artifact id: '223ea8f02eb32a45f6b3c7b8ec655e18') in 0.046070 seconds 
  Import took 0.062543 seconds .

========================================================================
Received Import Request.
  Time since last request: 0.000512 seconds.
  path: Assets/Main Folder/Sounds/Guns/Handling/Gun Reload 01.wav
  artifactKey: Guid(e5ef60a958233a445ad44a82e8799822) Importer(815301076,1909f56bfc062723c751e8b465ee728b)
Start importing Assets/Main Folder/Sounds/Guns/Handling/Gun Reload 01.wav using Guid(e5ef60a958233a445ad44a82e8799822) Importer(815301076,1909f56bfc062723c751e8b465ee728b)  -> (artifact id: '035ded14d402d6d40fb8612cf4c3fa61') in 0.049650 seconds 
  Import took 0.064231 seconds .

========================================================================
Received Import Request.
  Time since last request: 0.000542 seconds.
  path: Assets/Main Folder/Textures/Weapons/World/Shotgun_Pickup.png
  artifactKey: Guid(afea1124c4f603042bc505686d3c1eff) Importer(815301076,1909f56bfc062723c751e8b465ee728b)
Start importing Assets/Main Folder/Textures/Weapons/World/Shotgun_Pickup.png using Guid(afea1124c4f603042bc505686d3c1eff) Importer(815301076,1909f56bfc062723c751e8b465ee728b)  -> (artifact id: '557d033855a0b4a7045a1b711e244f56') in 0.078759 seconds 
  Import took 0.092651 seconds .

========================================================================
Received Import Request.
  Time since last request: 0.000384 seconds.
  path: Assets/Main Folder/Sounds/Guns/Handling/Gun Reload 03.wav
  artifactKey: Guid(e2b583eb166516540ac01310c452ee58) Importer(815301076,1909f56bfc062723c751e8b465ee728b)
Start importing Assets/Main Folder/Sounds/Guns/Handling/Gun Reload 03.wav using Guid(e2b583eb166516540ac01310c452ee58) Importer(815301076,1909f56bfc062723c751e8b465ee728b)  -> (artifact id: '0558483cc5e36668ce1a8770225380a3') in 0.036322 seconds 
  Import took 0.053189 seconds .

========================================================================
Received Import Request.
  Time since last request: 0.000897 seconds.
  path: Assets/Main Folder/Sounds/Guns/Handling/weapon_gun_mosin_nagant_M_7.mp3
  artifactKey: Guid(df8b4f2944ccae64f961b20b942546ec) Importer(815301076,1909f56bfc062723c751e8b465ee728b)
Start importing Assets/Main Folder/Sounds/Guns/Handling/weapon_gun_mosin_nagant_M_7.mp3 using Guid(df8b4f2944ccae64f961b20b942546ec) Importer(815301076,1909f56bfc062723c751e8b465ee728b)  -> (artifact id: '94fe63252f88b358d54b6aa849abb5cf') in 0.038568 seconds 
  Import took 0.049904 seconds .

========================================================================
Received Import Request.
  Time since last request: 0.000294 seconds.
  path: Assets/Main Folder/Textures/Weapons/First Person/Shotgun_NRM.png
  artifactKey: Guid(4a9a02d635cda624086b6d20755a4a4b) Importer(815301076,1909f56bfc062723c751e8b465ee728b)
Start importing Assets/Main Folder/Textures/Weapons/First Person/Shotgun_NRM.png using Guid(4a9a02d635cda624086b6d20755a4a4b) Importer(815301076,1909f56bfc062723c751e8b465ee728b)  -> (artifact id: '76108fab4f0e6d2459fb0e4581756ee1') in 0.063988 seconds 
  Import took 0.071882 seconds .

========================================================================
Received Import Request.
  Time since last request: 0.000181 seconds.
  path: Assets/Main Folder/Sounds/Guns/Handling/Gun Slide Single 2.wav
  artifactKey: Guid(79ca97ab27c6e674d97edb609fa68cef) Importer(815301076,1909f56bfc062723c751e8b465ee728b)
Start importing Assets/Main Folder/Sounds/Guns/Handling/Gun Slide Single 2.wav using Guid(79ca97ab27c6e674d97edb609fa68cef) Importer(815301076,1909f56bfc062723c751e8b465ee728b)  -> (artifact id: '7fab200e54e964f09c8102617713844f') in 0.035309 seconds 
  Import took 0.057520 seconds .

========================================================================
Received Import Request.
  Time since last request: 0.000327 seconds.
  path: Assets/Main Folder/Textures/Weapons/First Person/Shotgun_SPEC.png
  artifactKey: Guid(5cc65ff98be63f343a2e43ab70ac8981) Importer(815301076,1909f56bfc062723c751e8b465ee728b)
Start importing Assets/Main Folder/Textures/Weapons/First Person/Shotgun_SPEC.png using Guid(5cc65ff98be63f343a2e43ab70ac8981) Importer(815301076,1909f56bfc062723c751e8b465ee728b)  -> (artifact id: 'f8167b1a583248af5265be06fdb047bb') in 0.058321 seconds 
  Import took 0.068031 seconds .

========================================================================
Received Import Request.
  Time since last request: 0.000623 seconds.
  path: Assets/Main Folder/Sounds/Guns/Handling/Gun Power Move.wav
  artifactKey: Guid(ae471d3a444ef3d498e2ebdb304d6bc1) Importer(815301076,1909f56bfc062723c751e8b465ee728b)
Start importing Assets/Main Folder/Sounds/Guns/Handling/Gun Power Move.wav using Guid(ae471d3a444ef3d498e2ebdb304d6bc1) Importer(815301076,1909f56bfc062723c751e8b465ee728b)  -> (artifact id: '5cf2e372ac8fe28afcf9e9165e1693ab') in 0.034449 seconds 
  Import took 0.042262 seconds .

========================================================================
Received Import Request.
  Time since last request: 0.001188 seconds.
  path: Assets/Main Folder/Sounds/Guns/Handling/Gun Pin 2.wav
  artifactKey: Guid(75f3f588ee1e5944f9735251033b45ac) Importer(815301076,1909f56bfc062723c751e8b465ee728b)
Start importing Assets/Main Folder/Sounds/Guns/Handling/Gun Pin 2.wav using Guid(75f3f588ee1e5944f9735251033b45ac) Importer(815301076,1909f56bfc062723c751e8b465ee728b)  -> (artifact id: '23c38f9a2d2e18f4fe8a9319af418bd8') in 0.038462 seconds 
  Import took 0.058352 seconds .

========================================================================
Received Import Request.
  Time since last request: 0.000356 seconds.
  path: Assets/Main Folder/Sounds/Guns/Handling/Gun Reload 02.wav
  artifactKey: Guid(640d06e39b1f3114487d1327cf21da1d) Importer(815301076,1909f56bfc062723c751e8b465ee728b)
Start importing Assets/Main Folder/Sounds/Guns/Handling/Gun Reload 02.wav using Guid(640d06e39b1f3114487d1327cf21da1d) Importer(815301076,1909f56bfc062723c751e8b465ee728b)  -> (artifact id: '2bfbab770a0f7d3f3f472ae968f50224') in 0.034930 seconds 
  Import took 0.050944 seconds .

========================================================================
Received Import Request.
  Time since last request: 0.000561 seconds.
  path: Assets/Main Folder/Textures/Weapons/First Person/Shotgun.png
  artifactKey: Guid(f1320fa7db14a834e82edd7999618c96) Importer(815301076,1909f56bfc062723c751e8b465ee728b)
Start importing Assets/Main Folder/Textures/Weapons/First Person/Shotgun.png using Guid(f1320fa7db14a834e82edd7999618c96) Importer(815301076,1909f56bfc062723c751e8b465ee728b)  -> (artifact id: '52d49c0bb783d919f91c5697a8f039eb') in 0.040135 seconds 
  Import took 0.052707 seconds .

========================================================================
Received Import Request.
  Time since last request: 0.000278 seconds.
  path: Assets/Main Folder/Sounds/Guns/Handling/Gun Slide Single 1.wav
  artifactKey: Guid(60d71e88cdf3ec94d8ff5e60ae37435f) Importer(815301076,1909f56bfc062723c751e8b465ee728b)
Start importing Assets/Main Folder/Sounds/Guns/Handling/Gun Slide Single 1.wav using Guid(60d71e88cdf3ec94d8ff5e60ae37435f) Importer(815301076,1909f56bfc062723c751e8b465ee728b)  -> (artifact id: '26aa325229023112ea3ef9363db957de') in 0.033732 seconds 
  Import took 0.057000 seconds .

========================================================================
Received Import Request.
  Time since last request: 0.000276 seconds.
  path: Assets/Main Folder/Sounds/Guns/Fire/Shotgun Fire 01.wav
  artifactKey: Guid(92f3926ab088d854e9635995036af132) Importer(815301076,1909f56bfc062723c751e8b465ee728b)
Start importing Assets/Main Folder/Sounds/Guns/Fire/Shotgun Fire 01.wav using Guid(92f3926ab088d854e9635995036af132) Importer(815301076,1909f56bfc062723c751e8b465ee728b)  -> (artifact id: 'cbaf3b7f56d870e266ebeb360f6f89bd') in 0.037307 seconds 
  Import took 0.049972 seconds .

========================================================================
Received Import Request.
  Time since last request: 6.100416 seconds.
  path: Assets/VolumetricLines/BuiltInRenderPipeline/Materials/SingleLine-TextureAdditive.mat
  artifactKey: Guid(a1950346da2817540a6756dacefcde75) Importer(815301076,1909f56bfc062723c751e8b465ee728b)
Start importing Assets/VolumetricLines/BuiltInRenderPipeline/Materials/SingleLine-TextureAdditive.mat using Guid(a1950346da2817540a6756dacefcde75) Importer(815301076,1909f56bfc062723c751e8b465ee728b)  -> (artifact id: '6369685d400e431e1eb1787ac6e9e704') in 0.054386 seconds 
  Import took 0.068820 seconds .

========================================================================
Received Import Request.
  Time since last request: 0.000742 seconds.
  path: Assets/VolumetricLines/BuiltInRenderPipeline/Materials/SingleLine-TextureAlphaBlended.mat
  artifactKey: Guid(c2f5e14f38f19af489f3030b136c8f1d) Importer(815301076,1909f56bfc062723c751e8b465ee728b)
Start importing Assets/VolumetricLines/BuiltInRenderPipeline/Materials/SingleLine-TextureAlphaBlended.mat using Guid(c2f5e14f38f19af489f3030b136c8f1d) Importer(815301076,1909f56bfc062723c751e8b465ee728b)  -> (artifact id: '8725b8a8ad4f17e69a39e4e5a8bba561') in 0.040981 seconds 
  Import took 0.050817 seconds .

========================================================================
Received Import Request.
  Time since last request: 5.602325 seconds.
  path: Assets/Other/ExampleAssets/Textures
  artifactKey: Guid(1cc500c8cdb999142b9017ebf0cf407d) Importer(815301076,1909f56bfc062723c751e8b465ee728b)
Start importing Assets/Other/ExampleAssets/Textures using Guid(1cc500c8cdb999142b9017ebf0cf407d) Importer(815301076,1909f56bfc062723c751e8b465ee728b)  -> (artifact id: '15b531f7d02af65b446e05cf05b409c8') in 0.011941 seconds 
  Import took 0.029889 seconds .

========================================================================
Received Import Request.
  Time since last request: 1.603009 seconds.
  path: Assets/Other/ExampleAssets/Textures/Metal
  artifactKey: Guid(c805204817006b648aa2d0cb8f7861d8) Importer(815301076,1909f56bfc062723c751e8b465ee728b)
Start importing Assets/Other/ExampleAssets/Textures/Metal using Guid(c805204817006b648aa2d0cb8f7861d8) Importer(815301076,1909f56bfc062723c751e8b465ee728b)  -> (artifact id: '4fdce704633df4937c4eef91f537e3b6') in 0.017584 seconds 
  Import took 0.029604 seconds .

========================================================================
Received Import Request.
  Time since last request: 14.801987 seconds.
  path: Assets/Other/ExampleAssets/Models
  artifactKey: Guid(aa97895f3852bd44399ef0893bec4f5e) Importer(815301076,1909f56bfc062723c751e8b465ee728b)
Start importing Assets/Other/ExampleAssets/Models using Guid(aa97895f3852bd44399ef0893bec4f5e) Importer(815301076,1909f56bfc062723c751e8b465ee728b)  -> (artifact id: '148bd1374e384877c948124b2b92d031') in 0.022939 seconds 
  Import took 0.034660 seconds .

========================================================================
Received Prepare
Registering precompiled user dll's ...
Registered in 0.005043 seconds.
Begin MonoManager ReloadAssembly
Native extension for WindowsStandalone target not found
Native extension for WebGL target not found
Refreshing native plugins compatible for Editor in 0.67 ms, found 2 plugins.
Preloading 0 native plugins for Editor in 0.00 ms.
Mono: successfully reloaded assembly
- Completed reload, in  1.879 seconds
Domain Reload Profiling:
	ReloadAssembly (1881ms)
		BeginReloadAssembly (212ms)
			ExecutionOrderSort (0ms)
			DisableScriptedObjects (9ms)
			BackupInstance (0ms)
			ReleaseScriptingObjects (1ms)
			CreateAndSetChildDomain (78ms)
		EndReloadAssembly (1572ms)
			LoadAssemblies (176ms)
			RebuildTransferFunctionScriptingTraits (0ms)
			SetupTypeCache (553ms)
			ReleaseScriptCaches (1ms)
			RebuildScriptCaches (65ms)
			SetupLoadedEditorAssemblies (539ms)
				LogAssemblyErrors (0ms)
				InitializePlatformSupportModulesInManaged (5ms)
				SetLoadedEditorAssemblies (0ms)
				RefreshPlugins (1ms)
				BeforeProcessingInitializeOnLoad (128ms)
				ProcessInitializeOnLoadAttributes (376ms)
				ProcessInitializeOnLoadMethodAttributes (20ms)
				AfterProcessingInitializeOnLoad (7ms)
				EditorAssembliesLoaded (1ms)
			ExecutionOrderSort2 (0ms)
			AwakeInstancesAfterBackupRestoration (31ms)
Platform modules already initialized, skipping
Shader 'WFX/Transparent Diffuse': fallback shader 'Particles/Alpha Blended' not found
Shader 'WFX/Transparent Specular': fallback shader 'Particles/Alpha Blended' not found
Refreshing native plugins compatible for Editor in 0.66 ms, found 2 plugins.
Preloading 0 native plugins for Editor in 0.00 ms.
Unloading 3092 Unused Serialized files (Serialized files now loaded: 0)
System memory in use before: 226.3 MB.
System memory in use after: 226.6 MB.

Unloading 16 unused Assets to reduce memory usage. Loaded Objects now: 3824.
Total: 6.625900 ms (FindLiveObjects: 0.665200 ms CreateObjectMapping: 0.462600 ms MarkObjects: 5.385500 ms  DeleteObjects: 0.109000 ms)

AssetImportParameters requested are different than current active one (requested -> active):
  custom:framework-win-MediaFoundation: 216162199b28c13a410421893ffa2e32 -> 
  custom:video-decoder-ogg-theora: a1e56fd34408186e4bbccfd4996cb3dc -> 
  custom:container-muxer-webm: aa71ff27fc2769a1b78a27578f13a17b -> 
  custom:container-demuxer-webm: 4f35f7cbe854078d1ac9338744f61a02 -> 
  custom:container-demuxer-ogg: 62fdf1f143b41e24485cea50d1cbac27 -> 
  custom:video-encoder-webm-vp8: eb34c28f22e8b96e1ab97ce403110664 -> 
  custom:video-codec-MediaFoundation-h265: 746d11721c4dcdbdad8f713fa42b33f4 -> 
  custom:video-decoder-webm-vp8: 9c59270c3fd7afecdb556c50c9e8de78 -> 
  custom:audio-decoder-ogg-vorbis: bf7c407c2cedff20999df2af8eb42d56 -> 
  custom:audio-encoder-webm-vorbis: bf7c407c2cedff20999df2af8eb42d56 -> 
========================================================================
Received Import Request.
  Time since last request: 274.269661 seconds.
  path: Assets/Pistol/Materials/Combined_Baked Texture.mat
  artifactKey: Guid(ae6359a39e0daeb4e8cb6a442c0d342b) Importer(815301076,1909f56bfc062723c751e8b465ee728b)
Start importing Assets/Pistol/Materials/Combined_Baked Texture.mat using Guid(ae6359a39e0daeb4e8cb6a442c0d342b) Importer(815301076,1909f56bfc062723c751e8b465ee728b)  -> (artifact id: 'a5bf800c791cb30980f9008b5d17afb2') in 0.516300 seconds 
  Import took 0.550127 seconds .

========================================================================
Received Import Request.
  Time since last request: 0.000902 seconds.
  path: Assets/Main Folder/Textures/Room Textures/Materials/TexturesCom_Fabric_SciFi3_512_albedo.mat
  artifactKey: Guid(7d8cdb88981b0e34f900db4898369b6a) Importer(815301076,1909f56bfc062723c751e8b465ee728b)
Start importing Assets/Main Folder/Textures/Room Textures/Materials/TexturesCom_Fabric_SciFi3_512_albedo.mat using Guid(7d8cdb88981b0e34f900db4898369b6a) Importer(815301076,1909f56bfc062723c751e8b465ee728b)  -> (artifact id: 'fcdb8c2a823610fee5d04eccffd56432') in 1.112871 seconds 
  Import took 1.139764 seconds .

========================================================================
Received Import Request.
  Time since last request: 0.000587 seconds.
  path: Assets/Main Folder/Textures/Room Textures/Materials/TexturesCom_Fabric_SciFi3_512_albedo.mat
  artifactKey: Guid(7d8cdb88981b0e34f900db4898369b6a) Importer(815301076,1909f56bfc062723c751e8b465ee728b)
Start importing Assets/Main Folder/Textures/Room Textures/Materials/TexturesCom_Fabric_SciFi3_512_albedo.mat using Guid(7d8cdb88981b0e34f900db4898369b6a) Importer(815301076,1909f56bfc062723c751e8b465ee728b)  -> (artifact id: 'fcdb8c2a823610fee5d04eccffd56432') in 0.028465 seconds 
  Import took 0.034838 seconds .

========================================================================
Received Import Request.
  Time since last request: 9.619466 seconds.
  path: Assets/Main Folder/Textures/Room Textures/Materials/TexturesCom_Fabric_SciFi2_512_height.mat
  artifactKey: Guid(516e550002974f74e98e046427595896) Importer(815301076,1909f56bfc062723c751e8b465ee728b)
Start importing Assets/Main Folder/Textures/Room Textures/Materials/TexturesCom_Fabric_SciFi2_512_height.mat using Guid(516e550002974f74e98e046427595896) Importer(815301076,1909f56bfc062723c751e8b465ee728b)  -> (artifact id: '1b1c27268bde0f257d0a444423a22c79') in 0.035583 seconds 
  Import took 0.059466 seconds .

========================================================================
Received Import Request.
  Time since last request: 0.001097 seconds.
  path: Assets/Main Folder/Textures/Room Textures/Materials/TexturesCom_Fabric_SciFi3_512_albedo.mat
  artifactKey: Guid(7d8cdb88981b0e34f900db4898369b6a) Importer(815301076,1909f56bfc062723c751e8b465ee728b)
Start importing Assets/Main Folder/Textures/Room Textures/Materials/TexturesCom_Fabric_SciFi3_512_albedo.mat using Guid(7d8cdb88981b0e34f900db4898369b6a) Importer(815301076,1909f56bfc062723c751e8b465ee728b)  -> (artifact id: 'a2a97c35bbb7828f83cbf31250a2f685') in 0.032690 seconds 
  Import took 0.053023 seconds .

========================================================================
Received Import Request.
  Time since last request: 2.199195 seconds.
  path: Assets/Main Folder/Textures/Room Textures/Materials/TexturesCom_CorrugatedPlates4_2K_albedo.mat
  artifactKey: Guid(aa67dac583557cb4da652d12e3a33a6f) Importer(815301076,1909f56bfc062723c751e8b465ee728b)
Start importing Assets/Main Folder/Textures/Room Textures/Materials/TexturesCom_CorrugatedPlates4_2K_albedo.mat using Guid(aa67dac583557cb4da652d12e3a33a6f) Importer(815301076,1909f56bfc062723c751e8b465ee728b)  -> (artifact id: 'b206a7430deb94836f73b01cc9e0757e') in 0.039397 seconds 
  Import took 0.058418 seconds .

========================================================================
Received Import Request.
  Time since last request: 2.925981 seconds.
  path: Assets/Main Folder/Textures/Room Textures/Materials/TexturesCom_Metal_RustedDeck_3x3_2K_metallic.mat
  artifactKey: Guid(fc027ff5cf8f029408954b2e7b9e3b70) Importer(815301076,1909f56bfc062723c751e8b465ee728b)
Start importing Assets/Main Folder/Textures/Room Textures/Materials/TexturesCom_Metal_RustedDeck_3x3_2K_metallic.mat using Guid(fc027ff5cf8f029408954b2e7b9e3b70) Importer(815301076,1909f56bfc062723c751e8b465ee728b)  -> (artifact id: '4f39a31584d057f048a8acd7f9c418d7') in 0.034526 seconds 
  Import took 0.052235 seconds .

========================================================================
Received Prepare
Registering precompiled user dll's ...
Registered in 0.011267 seconds.
Begin MonoManager ReloadAssembly
Native extension for WindowsStandalone target not found
Native extension for WebGL target not found
Refreshing native plugins compatible for Editor in 1.36 ms, found 2 plugins.
Preloading 0 native plugins for Editor in 0.00 ms.
Mono: successfully reloaded assembly
- Completed reload, in  2.971 seconds
Domain Reload Profiling:
	ReloadAssembly (2974ms)
		BeginReloadAssembly (280ms)
			ExecutionOrderSort (0ms)
			DisableScriptedObjects (8ms)
			BackupInstance (0ms)
			ReleaseScriptingObjects (0ms)
			CreateAndSetChildDomain (103ms)
		EndReloadAssembly (2559ms)
			LoadAssemblies (275ms)
			RebuildTransferFunctionScriptingTraits (0ms)
			SetupTypeCache (920ms)
			ReleaseScriptCaches (3ms)
			RebuildScriptCaches (123ms)
			SetupLoadedEditorAssemblies (844ms)
				LogAssemblyErrors (0ms)
				InitializePlatformSupportModulesInManaged (14ms)
				SetLoadedEditorAssemblies (1ms)
				RefreshPlugins (1ms)
				BeforeProcessingInitializeOnLoad (218ms)
				ProcessInitializeOnLoadAttributes (566ms)
				ProcessInitializeOnLoadMethodAttributes (29ms)
				AfterProcessingInitializeOnLoad (13ms)
				EditorAssembliesLoaded (1ms)
			ExecutionOrderSort2 (0ms)
			AwakeInstancesAfterBackupRestoration (66ms)
Platform modules already initialized, skipping
Shader 'WFX/Transparent Diffuse': fallback shader 'Particles/Alpha Blended' not found
Shader 'WFX/Transparent Specular': fallback shader 'Particles/Alpha Blended' not found
Refreshing native plugins compatible for Editor in 2.01 ms, found 2 plugins.
Preloading 0 native plugins for Editor in 0.00 ms.
Unloading 3092 Unused Serialized files (Serialized files now loaded: 0)
System memory in use before: 226.3 MB.
System memory in use after: 226.5 MB.

Unloading 15 unused Assets to reduce memory usage. Loaded Objects now: 3862.
Total: 20.873400 ms (FindLiveObjects: 1.356500 ms CreateObjectMapping: 1.529900 ms MarkObjects: 17.859100 ms  DeleteObjects: 0.123900 ms)

AssetImportParameters requested are different than current active one (requested -> active):
  custom:framework-win-MediaFoundation: 216162199b28c13a410421893ffa2e32 -> 
  custom:video-decoder-ogg-theora: a1e56fd34408186e4bbccfd4996cb3dc -> 
  custom:container-muxer-webm: aa71ff27fc2769a1b78a27578f13a17b -> 
  custom:container-demuxer-webm: 4f35f7cbe854078d1ac9338744f61a02 -> 
  custom:container-demuxer-ogg: 62fdf1f143b41e24485cea50d1cbac27 -> 
  custom:video-encoder-webm-vp8: eb34c28f22e8b96e1ab97ce403110664 -> 
  custom:video-codec-MediaFoundation-h265: 746d11721c4dcdbdad8f713fa42b33f4 -> 
  custom:video-decoder-webm-vp8: 9c59270c3fd7afecdb556c50c9e8de78 -> 
  custom:audio-decoder-ogg-vorbis: bf7c407c2cedff20999df2af8eb42d56 -> 
  custom:audio-encoder-webm-vorbis: bf7c407c2cedff20999df2af8eb42d56 -> 
========================================================================
Received Prepare
Registering precompiled user dll's ...
Registered in 0.007306 seconds.
Begin MonoManager ReloadAssembly
Native extension for WindowsStandalone target not found
Native extension for WebGL target not found
Refreshing native plugins compatible for Editor in 1.11 ms, found 2 plugins.
Preloading 0 native plugins for Editor in 0.00 ms.
Mono: successfully reloaded assembly
- Completed reload, in  2.721 seconds
Domain Reload Profiling:
	ReloadAssembly (2722ms)
		BeginReloadAssembly (227ms)
			ExecutionOrderSort (0ms)
			DisableScriptedObjects (4ms)
			BackupInstance (0ms)
			ReleaseScriptingObjects (0ms)
			CreateAndSetChildDomain (69ms)
		EndReloadAssembly (2341ms)
			LoadAssemblies (213ms)
			RebuildTransferFunctionScriptingTraits (0ms)
			SetupTypeCache (781ms)
			ReleaseScriptCaches (1ms)
			RebuildScriptCaches (124ms)
			SetupLoadedEditorAssemblies (741ms)
				LogAssemblyErrors (0ms)
				InitializePlatformSupportModulesInManaged (15ms)
				SetLoadedEditorAssemblies (1ms)
				RefreshPlugins (1ms)
				BeforeProcessingInitializeOnLoad (251ms)
				ProcessInitializeOnLoadAttributes (442ms)
				ProcessInitializeOnLoadMethodAttributes (22ms)
				AfterProcessingInitializeOnLoad (9ms)
				EditorAssembliesLoaded (0ms)
			ExecutionOrderSort2 (0ms)
			AwakeInstancesAfterBackupRestoration (29ms)
Platform modules already initialized, skipping
Shader 'WFX/Transparent Diffuse': fallback shader 'Particles/Alpha Blended' not found
Shader 'WFX/Transparent Specular': fallback shader 'Particles/Alpha Blended' not found
Refreshing native plugins compatible for Editor in 0.68 ms, found 2 plugins.
Preloading 0 native plugins for Editor in 0.00 ms.
Unloading 3092 Unused Serialized files (Serialized files now loaded: 0)
System memory in use before: 226.3 MB.
System memory in use after: 226.5 MB.

Unloading 15 unused Assets to reduce memory usage. Loaded Objects now: 3864.
Total: 7.843600 ms (FindLiveObjects: 0.869200 ms CreateObjectMapping: 0.873800 ms MarkObjects: 6.074800 ms  DeleteObjects: 0.020100 ms)

AssetImportParameters requested are different than current active one (requested -> active):
  custom:framework-win-MediaFoundation: 216162199b28c13a410421893ffa2e32 -> 
  custom:video-decoder-ogg-theora: a1e56fd34408186e4bbccfd4996cb3dc -> 
  custom:container-muxer-webm: aa71ff27fc2769a1b78a27578f13a17b -> 
  custom:container-demuxer-webm: 4f35f7cbe854078d1ac9338744f61a02 -> 
  custom:container-demuxer-ogg: 62fdf1f143b41e24485cea50d1cbac27 -> 
  custom:video-encoder-webm-vp8: eb34c28f22e8b96e1ab97ce403110664 -> 
  custom:video-codec-MediaFoundation-h265: 746d11721c4dcdbdad8f713fa42b33f4 -> 
  custom:video-decoder-webm-vp8: 9c59270c3fd7afecdb556c50c9e8de78 -> 
  custom:audio-decoder-ogg-vorbis: bf7c407c2cedff20999df2af8eb42d56 -> 
  custom:audio-encoder-webm-vorbis: bf7c407c2cedff20999df2af8eb42d56 -> 
AssetImportWorkerClient::OnTransportError - code=2 error=End of file
